<?xml version="1.0" encoding="UTF-8"?>
<!-- Generated by org.testng.reporters.JUnitReportReporter -->
<testsuite hostname="code61" failures="0" tests="2" name="neostoxtestclass.ValidateNeoStoxAccBalance2" time="30.720" errors="0" timestamp="2022-12-23T15:05:17 IST" skipped="0">
  <testcase classname="neostoxtestclass.ValidateNeoStoxAccBalance2" name="validateAccBalance" time="13.602"/>
  <system-out>
    <![CDATA[Waiting for 1000ms
getting accBalance 
Account Balance is Rs.5,00,000.00
TC validateAccBalance sucess...]]>
  </system-out>
  <testcase classname="neostoxtestclass.ValidateNeoStoxAccBalance2" name="validateUserID" time="17.118"/>
  <system-out>
    <![CDATA[Waiting for 1000ms
getting actual user name
Actual user name is sneha sadalage
reading username from property file
TC validateUserID sucess...]]>
  </system-out>
</testsuite> <!-- neostoxtestclass.ValidateNeoStoxAccBalance2 -->
