<?xml version="1.0" encoding="UTF-8"?>
<!-- Generated by org.testng.reporters.JUnitReportReporter -->
<testsuite hostname="code61" failures="0" tests="2" name="neostoxtest.ValidateNeoStoxAccBalance" time="25.992" errors="0" timestamp="2022-12-21T13:49:23 IST" skipped="0">
  <testcase classname="neostoxtest.ValidateNeoStoxAccBalance" name="validateUserID" time="14.671"/>
  <system-out>
    <![CDATA[Waiting for 1000ms
getting actual user name
Actual user name is sneha sadalage
reading data from excel
Waiting for 1000ms
getting actual user name
Actual user name is sneha sadalage
Waiting for 500ms
taking screenshot]]>
  </system-out>
  <testcase classname="neostoxtest.ValidateNeoStoxAccBalance" name="validateAccBalance" time="11.321"/>
  <system-out>
    <![CDATA[Waiting for 1000ms
getting accBalance 
Account Balance is Rs.5,00,000.00
Waiting for 500ms
taking screenshot]]>
  </system-out>
</testsuite> <!-- neostoxtest.ValidateNeoStoxAccBalance -->
