<?xml version="1.0" encoding="UTF-8"?>
<!-- Generated by org.testng.reporters.JUnitReportReporter -->
<testsuite hostname="code61" failures="0" tests="2" name="neostoxtest.ValidateNeoStoxAccBalance2" time="45.065" errors="0" timestamp="2022-12-23T14:53:25 IST" skipped="0">
  <testcase classname="neostoxtest.ValidateNeoStoxAccBalance2" name="validateUserID" time="10.772"/>
  <system-out>
    <![CDATA[Waiting for 1000ms
getting actual user name
Actual user name is sneha sadalage
reading username from property file]]>
  </system-out>
  <testcase classname="neostoxtest.ValidateNeoStoxAccBalance2" name="validateAccBalance" time="34.293"/>
  <system-out>
    <![CDATA[Waiting for 1000ms
getting accBalance 
Account Balance is Rs.5,00,000.00]]>
  </system-out>
</testsuite> <!-- neostoxtest.ValidateNeoStoxAccBalance2 -->
